This file contains any messages produced by compilers while
running configure, to aid debugging if configure makes a mistake.

It was created by Clustal Omega configure 1.2.1, which was
generated by GNU Autoconf 2.63.  Invocation command line was

  $ ./configure 

## --------- ##
## Platform. ##
## --------- ##

hostname = patrick-mac.bsd.uchicago.edu
uname -m = x86_64
uname -r = 13.3.0
uname -s = Darwin
uname -v = Darwin Kernel Version 13.3.0: Tue Jun  3 21:27:35 PDT 2014; root:xnu-2422.110.17~1/RELEASE_X86_64

/usr/bin/uname -p = i386
/bin/uname -X     = unknown

/bin/arch              = unknown
/usr/bin/arch -k       = unknown
/usr/convex/getsysinfo = unknown
/usr/bin/hostinfo      = Mach kernel version:
	 Darwin Kernel Version 13.3.0: Tue Jun  3 21:27:35 PDT 2014; root:xnu-2422.110.17~1/RELEASE_X86_64
Kernel configured for up to 8 processors.
8 processors are physically available.
8 processors are logically available.
Processor type: i486 (Intel 80486)
Processors active: 0 1 2 3 4 5 6 7
Primary memory available: 14.00 gigabytes
Default processor set: 227 tasks, 1242 threads, 8 processors
Load average: 2.83, Mach factor: 5.16
/bin/machine           = unknown
/usr/bin/oslevel       = unknown
/bin/universe          = unknown

PATH: /Library/Frameworks/Python.framework/Versions/3.4/bin
PATH: /Library/Frameworks/Python.framework/Versions/2.7/bin
PATH: /usr/bin
PATH: /bin
PATH: /usr/sbin
PATH: /sbin
PATH: /usr/local/bin
PATH: /usr/local/ncbi/igblast/bin


## ----------- ##
## Core tests. ##
## ----------- ##

configure:2083:

    Welcome to Clustal Omega - version 1.2.1 (AndreaGiacomo)

                       +NMMMMMMMMMS=
                    MMMMM?      :MMMMM8
                  IMMMMS           MMMMM,
                ~MMMMN              ,MMMMM
               =MMMMM                 MMMMM
              ?MMMMM                  +MMMMM
              MMMMMS                   MMMMM
              MMMMM                    MMMMM:
              MMMMM                    MMMMM+
              MMMMM                    MMMMM~
              MMMMM                    MMMMM
              MMMMMZ                   MMMMM
               MMMMM                  ,MMMMZ
                MMMM8                 MMMM+
                 MMMMS               MMMM,
                   MMMMO           MMMM
            ,N       SMMM        MMM8       +8
            ,M7         M+       M+        :M8
            ,MMMMMMMMMMMMI       MMMMMMMMMMMM8
            ,MMMMMMMMMMMM8       MMMMMMMMMMMM8
            ,MMMMMMMMMMMMN       MMMMMMMMMMMM8

              
configure:2194: checking for a BSD-compatible install
configure:2262: result: /usr/bin/install -c
configure:2273: checking whether build environment is sane
configure:2316: result: yes
configure:2341: checking for a thread-safe mkdir -p
configure:2380: result: ./install-sh -c -d
configure:2393: checking for gawk
configure:2423: result: no
configure:2393: checking for mawk
configure:2423: result: no
configure:2393: checking for nawk
configure:2423: result: no
configure:2393: checking for awk
configure:2409: found /usr/bin/awk
configure:2420: result: awk
configure:2431: checking whether make sets $(MAKE)
configure:2453: result: yes
configure:2669: checking for style of include used by make
configure:2697: result: GNU
configure:2767: checking for gcc
configure:2783: found /usr/bin/gcc
configure:2794: result: gcc
configure:3026: checking for C compiler version
configure:3034: gcc --version >&5
Configured with: --prefix=/Applications/Xcode.app/Contents/Developer/usr --with-gxx-include-dir=/Applications/Xcode.app/Contents/Developer/Platforms/MacOSX.platform/Developer/SDKs/MacOSX10.9.sdk/usr/include/c++/4.2.1
Apple LLVM version 5.1 (clang-503.0.40) (based on LLVM 3.4svn)
Target: x86_64-apple-darwin13.3.0
Thread model: posix
configure:3038: $? = 0
configure:3045: gcc -v >&5
Configured with: --prefix=/Applications/Xcode.app/Contents/Developer/usr --with-gxx-include-dir=/Applications/Xcode.app/Contents/Developer/Platforms/MacOSX.platform/Developer/SDKs/MacOSX10.9.sdk/usr/include/c++/4.2.1
Apple LLVM version 5.1 (clang-503.0.40) (based on LLVM 3.4svn)
Target: x86_64-apple-darwin13.3.0
Thread model: posix
configure:3049: $? = 0
configure:3056: gcc -V >&5
clang: error: argument to '-V' is missing (expected 1 value)
clang: error: no input files
configure:3060: $? = 1
configure:3083: checking for C compiler default output file name
configure:3105: gcc    conftest.c  >&5
configure:3109: $? = 0
configure:3147: result: a.out
configure:3166: checking whether the C compiler works
configure:3176: ./a.out
configure:3180: $? = 0
configure:3199: result: yes
configure:3206: checking whether we are cross compiling
configure:3208: result: no
configure:3211: checking for suffix of executables
configure:3218: gcc -o conftest    conftest.c  >&5
configure:3222: $? = 0
configure:3248: result: 
configure:3254: checking for suffix of object files
configure:3280: gcc -c   conftest.c >&5
configure:3284: $? = 0
configure:3309: result: o
configure:3313: checking whether we are using the GNU C compiler
configure:3342: gcc -c   conftest.c >&5
configure:3349: $? = 0
configure:3366: result: yes
configure:3375: checking whether gcc accepts -g
configure:3405: gcc -c -g  conftest.c >&5
configure:3412: $? = 0
configure:3513: result: yes
configure:3530: checking for gcc option to accept ISO C89
configure:3604: gcc  -c -g -O2  conftest.c >&5
configure:3611: $? = 0
configure:3634: result: none needed
configure:3654: checking dependency style of gcc
configure:3745: result: gcc3
configure:3766: checking how to run the C preprocessor
configure:3806: gcc -E  conftest.c
configure:3813: $? = 0
configure:3844: gcc -E  conftest.c
conftest.c:10:10: fatal error: 'ac_nonexistent.h' file not found
#include <ac_nonexistent.h>
         ^
1 error generated.
configure:3851: $? = 1
configure: failed program was:
| /* confdefs.h.  */
| #define PACKAGE_NAME "Clustal Omega"
| #define PACKAGE_TARNAME "clustal-omega"
| #define PACKAGE_VERSION "1.2.1"
| #define PACKAGE_STRING "Clustal Omega 1.2.1"
| #define PACKAGE_BUGREPORT "clustalw@ucd.ie"
| #define PACKAGE "clustal-omega"
| #define VERSION "1.2.1"
| /* end confdefs.h.  */
| #include <ac_nonexistent.h>
configure:3884: result: gcc -E
configure:3913: gcc -E  conftest.c
configure:3920: $? = 0
configure:3951: gcc -E  conftest.c
conftest.c:10:10: fatal error: 'ac_nonexistent.h' file not found
#include <ac_nonexistent.h>
         ^
1 error generated.
configure:3958: $? = 1
configure: failed program was:
| /* confdefs.h.  */
| #define PACKAGE_NAME "Clustal Omega"
| #define PACKAGE_TARNAME "clustal-omega"
| #define PACKAGE_VERSION "1.2.1"
| #define PACKAGE_STRING "Clustal Omega 1.2.1"
| #define PACKAGE_BUGREPORT "clustalw@ucd.ie"
| #define PACKAGE "clustal-omega"
| #define VERSION "1.2.1"
| /* end confdefs.h.  */
| #include <ac_nonexistent.h>
configure:3998: checking for grep that handles long lines and -e
configure:4058: result: /usr/bin/grep
configure:4063: checking for egrep
configure:4127: result: /usr/bin/grep -E
configure:4132: checking for ANSI C header files
configure:4162: gcc -c -g -O2  conftest.c >&5
configure:4169: $? = 0
configure:4268: gcc -o conftest -g -O2   conftest.c  >&5
configure:4272: $? = 0
configure:4278: ./conftest
configure:4282: $? = 0
configure:4300: result: yes
configure:4324: checking for sys/types.h
configure:4345: gcc -c -g -O2  conftest.c >&5
configure:4352: $? = 0
configure:4369: result: yes
configure:4324: checking for sys/stat.h
configure:4345: gcc -c -g -O2  conftest.c >&5
configure:4352: $? = 0
configure:4369: result: yes
configure:4324: checking for stdlib.h
configure:4345: gcc -c -g -O2  conftest.c >&5
configure:4352: $? = 0
configure:4369: result: yes
configure:4324: checking for string.h
configure:4345: gcc -c -g -O2  conftest.c >&5
configure:4352: $? = 0
configure:4369: result: yes
configure:4324: checking for memory.h
configure:4345: gcc -c -g -O2  conftest.c >&5
configure:4352: $? = 0
configure:4369: result: yes
configure:4324: checking for strings.h
configure:4345: gcc -c -g -O2  conftest.c >&5
configure:4352: $? = 0
configure:4369: result: yes
configure:4324: checking for inttypes.h
configure:4345: gcc -c -g -O2  conftest.c >&5
configure:4352: $? = 0
configure:4369: result: yes
configure:4324: checking for stdint.h
configure:4345: gcc -c -g -O2  conftest.c >&5
configure:4352: $? = 0
configure:4369: result: yes
configure:4324: checking for unistd.h
configure:4345: gcc -c -g -O2  conftest.c >&5
configure:4352: $? = 0
configure:4369: result: yes
configure:4394: checking minix/config.h usability
configure:4411: gcc -c -g -O2  conftest.c >&5
conftest.c:53:10: fatal error: 'minix/config.h' file not found
#include <minix/config.h>
         ^
1 error generated.
configure:4418: $? = 1
configure: failed program was:
| /* confdefs.h.  */
| #define PACKAGE_NAME "Clustal Omega"
| #define PACKAGE_TARNAME "clustal-omega"
| #define PACKAGE_VERSION "1.2.1"
| #define PACKAGE_STRING "Clustal Omega 1.2.1"
| #define PACKAGE_BUGREPORT "clustalw@ucd.ie"
| #define PACKAGE "clustal-omega"
| #define VERSION "1.2.1"
| #define STDC_HEADERS 1
| #define HAVE_SYS_TYPES_H 1
| #define HAVE_SYS_STAT_H 1
| #define HAVE_STDLIB_H 1
| #define HAVE_STRING_H 1
| #define HAVE_MEMORY_H 1
| #define HAVE_STRINGS_H 1
| #define HAVE_INTTYPES_H 1
| #define HAVE_STDINT_H 1
| #define HAVE_UNISTD_H 1
| /* end confdefs.h.  */
| #include <stdio.h>
| #ifdef HAVE_SYS_TYPES_H
| # include <sys/types.h>
| #endif
| #ifdef HAVE_SYS_STAT_H
| # include <sys/stat.h>
| #endif
| #ifdef STDC_HEADERS
| # include <stdlib.h>
| # include <stddef.h>
| #else
| # ifdef HAVE_STDLIB_H
| #  include <stdlib.h>
| # endif
| #endif
| #ifdef HAVE_STRING_H
| # if !defined STDC_HEADERS && defined HAVE_MEMORY_H
| #  include <memory.h>
| # endif
| # include <string.h>
| #endif
| #ifdef HAVE_STRINGS_H
| # include <strings.h>
| #endif
| #ifdef HAVE_INTTYPES_H
| # include <inttypes.h>
| #endif
| #ifdef HAVE_STDINT_H
| # include <stdint.h>
| #endif
| #ifdef HAVE_UNISTD_H
| # include <unistd.h>
| #endif
| #include <minix/config.h>
configure:4432: result: no
configure:4436: checking minix/config.h presence
configure:4451: gcc -E  conftest.c
conftest.c:20:10: fatal error: 'minix/config.h' file not found
#include <minix/config.h>
         ^
1 error generated.
configure:4458: $? = 1
configure: failed program was:
| /* confdefs.h.  */
| #define PACKAGE_NAME "Clustal Omega"
| #define PACKAGE_TARNAME "clustal-omega"
| #define PACKAGE_VERSION "1.2.1"
| #define PACKAGE_STRING "Clustal Omega 1.2.1"
| #define PACKAGE_BUGREPORT "clustalw@ucd.ie"
| #define PACKAGE "clustal-omega"
| #define VERSION "1.2.1"
| #define STDC_HEADERS 1
| #define HAVE_SYS_TYPES_H 1
| #define HAVE_SYS_STAT_H 1
| #define HAVE_STDLIB_H 1
| #define HAVE_STRING_H 1
| #define HAVE_MEMORY_H 1
| #define HAVE_STRINGS_H 1
| #define HAVE_INTTYPES_H 1
| #define HAVE_STDINT_H 1
| #define HAVE_UNISTD_H 1
| /* end confdefs.h.  */
| #include <minix/config.h>
configure:4472: result: no
configure:4505: checking for minix/config.h
configure:4512: result: no
configure:4543: checking whether it is safe to define __EXTENSIONS__
configure:4571: gcc -c -g -O2  conftest.c >&5
configure:4578: $? = 0
configure:4593: result: yes
configure:4627: checking build system type
configure:4645: result: i386-apple-darwin13.3.0
configure:4667: checking host system type
configure:4682: result: i386-apple-darwin13.3.0
configure:4708: checking whether make sets $(MAKE)
configure:4730: result: yes
configure:4770: checking for a sed that does not truncate output
configure:4836: result: /usr/bin/sed
configure:4854: checking for fgrep
configure:4918: result: /usr/bin/grep -F
configure:4953: checking for ld used by gcc
configure:5020: result: /Applications/Xcode.app/Contents/Developer/Toolchains/XcodeDefault.xctoolchain/usr/bin/ld
configure:5029: checking if the linker (/Applications/Xcode.app/Contents/Developer/Toolchains/XcodeDefault.xctoolchain/usr/bin/ld) is GNU ld
configure:5044: result: no
configure:5056: checking for BSD- or MS-compatible name lister (nm)
configure:5105: result: /usr/bin/nm
configure:5223: checking the name lister (/usr/bin/nm) interface
configure:5230: gcc -c -g -O2  conftest.c >&5
configure:5233: /usr/bin/nm "conftest.o"
configure:5236: output
0000000000000218 S _some_variable
configure:5243: result: BSD nm
configure:5246: checking whether ln -s works
configure:5250: result: yes
configure:5258: checking the maximum length of command line arguments
configure:5378: result: 196608
configure:5395: checking whether the shell understands some XSI constructs
configure:5405: result: yes
configure:5409: checking whether the shell understands "+="
configure:5415: result: yes
configure:5450: checking for /Applications/Xcode.app/Contents/Developer/Toolchains/XcodeDefault.xctoolchain/usr/bin/ld option to reload object files
configure:5457: result: -r
configure:5526: checking for objdump
configure:5556: result: no
configure:5585: checking how to recognize dependent libraries
configure:5781: result: pass_all
configure:5841: checking for ar
configure:5857: found /usr/bin/ar
configure:5868: result: ar
configure:5946: checking for strip
configure:5962: found /usr/bin/strip
configure:5973: result: strip
configure:6045: checking for ranlib
configure:6061: found /usr/bin/ranlib
configure:6072: result: ranlib
configure:6162: checking command to parse /usr/bin/nm output from gcc object
configure:6280: gcc -c -g -O2  conftest.c >&5
configure:6283: $? = 0
configure:6287: /usr/bin/nm conftest.o \| sed -n -e 's/^.*[	 ]\([BCDEGRST][BCDEGRST]*\)[	 ][	 ]*\([_A-Za-z][_A-Za-z0-9]*\)$/\1 \2 \2/p' \> conftest.nm
configure:6290: $? = 0
cannot find nm_test_var in conftest.nm
configure:6280: gcc -c -g -O2  conftest.c >&5
configure:6283: $? = 0
configure:6287: /usr/bin/nm conftest.o \| sed -n -e 's/^.*[	 ]\([BCDEGRST][BCDEGRST]*\)[	 ][	 ]*_\([_A-Za-z][_A-Za-z0-9]*\)$/\1 _\2 \2/p' \> conftest.nm
configure:6290: $? = 0
configure:6344: gcc -o conftest -g -O2   conftest.c conftstm.o >&5
configure:6347: $? = 0
configure:6385: result: ok
configure:6678: checking for dsymutil
configure:6694: found /usr/bin/dsymutil
configure:6705: result: dsymutil
configure:6770: checking for nmedit
configure:6786: found /usr/bin/nmedit
configure:6797: result: nmedit
configure:6862: checking for lipo
configure:6878: found /usr/bin/lipo
configure:6889: result: lipo
configure:6954: checking for otool
configure:6970: found /usr/bin/otool
configure:6981: result: otool
configure:7046: checking for otool64
configure:7076: result: no
configure:7121: checking for -single_module linker flag
gcc -g -O2  -o libconftest.dylib -dynamiclib -Wl,-single_module conftest.c
configure:7148: result: yes
configure:7150: checking for -exported_symbols_list linker flag
configure:7180: gcc -o conftest -g -O2   -Wl,-exported_symbols_list,conftest.sym conftest.c  >&5
configure:7187: $? = 0
configure:7209: result: yes
configure:7250: checking for dlfcn.h
configure:7271: gcc -c -g -O2  conftest.c >&5
configure:7278: $? = 0
configure:7295: result: yes
configure:7481: checking for objdir
configure:7496: result: .libs
configure:7792: checking if gcc supports -fno-rtti -fno-exceptions
configure:7810: gcc -c -g -O2  -fno-rtti -fno-exceptions conftest.c >&5
configure:7814: $? = 0
configure:7827: result: yes
configure:7847: checking for gcc option to produce PIC
configure:8119: result: -fno-common -DPIC
configure:8131: checking if gcc PIC flag -fno-common -DPIC works
configure:8149: gcc -c -g -O2  -fno-common -DPIC -DPIC conftest.c >&5
configure:8153: $? = 0
configure:8166: result: yes
configure:8190: checking if gcc static flag -static works
configure:8218: result: no
configure:8233: checking if gcc supports -c -o file.o
configure:8254: gcc -c -g -O2  -o out/conftest2.o conftest.c >&5
configure:8258: $? = 0
configure:8280: result: yes
configure:8288: checking if gcc supports -c -o file.o
configure:8335: result: yes
configure:8368: checking whether the gcc linker (/Applications/Xcode.app/Contents/Developer/Toolchains/XcodeDefault.xctoolchain/usr/bin/ld) supports shared libraries
configure:9443: result: yes
configure:9682: checking dynamic linker characteristics
configure:10377: result: darwin13.3.0 dyld
configure:10479: checking how to hardcode library paths into programs
configure:10504: result: immediate
configure:11337: checking whether stripping libraries is possible
configure:11351: result: yes
configure:11377: checking if libtool supports shared libraries
configure:11379: result: yes
configure:11382: checking whether to build shared libraries
configure:11403: result: yes
configure:11406: checking whether to build static libraries
configure:11410: result: yes
configure:11462: checking for a BSD-compatible install
configure:11530: result: /usr/bin/install -c
configure:11598: checking for gcc
configure:11625: result: gcc
configure:11857: checking for C compiler version
configure:11865: gcc --version >&5
Configured with: --prefix=/Applications/Xcode.app/Contents/Developer/usr --with-gxx-include-dir=/Applications/Xcode.app/Contents/Developer/Platforms/MacOSX.platform/Developer/SDKs/MacOSX10.9.sdk/usr/include/c++/4.2.1
Apple LLVM version 5.1 (clang-503.0.40) (based on LLVM 3.4svn)
Target: x86_64-apple-darwin13.3.0
Thread model: posix
configure:11869: $? = 0
configure:11876: gcc -v >&5
Configured with: --prefix=/Applications/Xcode.app/Contents/Developer/usr --with-gxx-include-dir=/Applications/Xcode.app/Contents/Developer/Platforms/MacOSX.platform/Developer/SDKs/MacOSX10.9.sdk/usr/include/c++/4.2.1
Apple LLVM version 5.1 (clang-503.0.40) (based on LLVM 3.4svn)
Target: x86_64-apple-darwin13.3.0
Thread model: posix
configure:11880: $? = 0
configure:11887: gcc -V >&5
clang: error: argument to '-V' is missing (expected 1 value)
clang: error: no input files
configure:11891: $? = 1
configure:11894: checking whether we are using the GNU C compiler
configure:11947: result: yes
configure:11956: checking whether gcc accepts -g
configure:12094: result: yes
configure:12111: checking for gcc option to accept ISO C89
configure:12215: result: none needed
configure:12235: checking dependency style of gcc
configure:12326: result: gcc3
configure:12347: checking how to run the C preprocessor
configure:12465: result: gcc -E
configure:12494: gcc -E  conftest.c
configure:12501: $? = 0
configure:12532: gcc -E  conftest.c
conftest.c:27:10: fatal error: 'ac_nonexistent.h' file not found
#include <ac_nonexistent.h>
         ^
1 error generated.
configure:12539: $? = 1
configure: failed program was:
| /* confdefs.h.  */
| #define PACKAGE_NAME "Clustal Omega"
| #define PACKAGE_TARNAME "clustal-omega"
| #define PACKAGE_VERSION "1.2.1"
| #define PACKAGE_STRING "Clustal Omega 1.2.1"
| #define PACKAGE_BUGREPORT "clustalw@ucd.ie"
| #define PACKAGE "clustal-omega"
| #define VERSION "1.2.1"
| #define STDC_HEADERS 1
| #define HAVE_SYS_TYPES_H 1
| #define HAVE_SYS_STAT_H 1
| #define HAVE_STDLIB_H 1
| #define HAVE_STRING_H 1
| #define HAVE_MEMORY_H 1
| #define HAVE_STRINGS_H 1
| #define HAVE_INTTYPES_H 1
| #define HAVE_STDINT_H 1
| #define HAVE_UNISTD_H 1
| #define __EXTENSIONS__ 1
| #define _ALL_SOURCE 1
| #define _GNU_SOURCE 1
| #define _POSIX_PTHREAD_SEMANTICS 1
| #define _TANDEM_SOURCE 1
| #define HAVE_DLFCN_H 1
| #define LT_OBJDIR ".libs/"
| /* end confdefs.h.  */
| #include <ac_nonexistent.h>
configure:12641: checking for g++
configure:12657: found /usr/bin/g++
configure:12668: result: g++
configure:12695: checking for C++ compiler version
configure:12703: g++ --version >&5
Configured with: --prefix=/Applications/Xcode.app/Contents/Developer/usr --with-gxx-include-dir=/Applications/Xcode.app/Contents/Developer/Platforms/MacOSX.platform/Developer/SDKs/MacOSX10.9.sdk/usr/include/c++/4.2.1
Apple LLVM version 5.1 (clang-503.0.40) (based on LLVM 3.4svn)
Target: x86_64-apple-darwin13.3.0
Thread model: posix
configure:12707: $? = 0
configure:12714: g++ -v >&5
Configured with: --prefix=/Applications/Xcode.app/Contents/Developer/usr --with-gxx-include-dir=/Applications/Xcode.app/Contents/Developer/Platforms/MacOSX.platform/Developer/SDKs/MacOSX10.9.sdk/usr/include/c++/4.2.1
Apple LLVM version 5.1 (clang-503.0.40) (based on LLVM 3.4svn)
Target: x86_64-apple-darwin13.3.0
Thread model: posix
configure:12718: $? = 0
configure:12725: g++ -V >&5
clang: error: argument to '-V' is missing (expected 1 value)
clang: error: no input files
configure:12729: $? = 1
configure:12732: checking whether we are using the GNU C++ compiler
configure:12761: g++ -c   conftest.cpp >&5
configure:12768: $? = 0
configure:12785: result: yes
configure:12794: checking whether g++ accepts -g
configure:12824: g++ -c -g  conftest.cpp >&5
configure:12831: $? = 0
configure:12932: result: yes
configure:12957: checking dependency style of g++
configure:13048: result: gcc3
configure:13176: checking for C++ compiler version
configure:13184: g++ --version >&5
Configured with: --prefix=/Applications/Xcode.app/Contents/Developer/usr --with-gxx-include-dir=/Applications/Xcode.app/Contents/Developer/Platforms/MacOSX.platform/Developer/SDKs/MacOSX10.9.sdk/usr/include/c++/4.2.1
Apple LLVM version 5.1 (clang-503.0.40) (based on LLVM 3.4svn)
Target: x86_64-apple-darwin13.3.0
Thread model: posix
configure:13188: $? = 0
configure:13195: g++ -v >&5
Configured with: --prefix=/Applications/Xcode.app/Contents/Developer/usr --with-gxx-include-dir=/Applications/Xcode.app/Contents/Developer/Platforms/MacOSX.platform/Developer/SDKs/MacOSX10.9.sdk/usr/include/c++/4.2.1
Apple LLVM version 5.1 (clang-503.0.40) (based on LLVM 3.4svn)
Target: x86_64-apple-darwin13.3.0
Thread model: posix
configure:13199: $? = 0
configure:13206: g++ -V >&5
clang: error: argument to '-V' is missing (expected 1 value)
clang: error: no input files
configure:13210: $? = 1
configure:13213: checking whether we are using the GNU C++ compiler
configure:13266: result: yes
configure:13275: checking whether g++ accepts -g
configure:13413: result: yes
configure:13438: checking dependency style of g++
configure:13529: result: gcc3
configure:13552: checking how to run the C++ preprocessor
configure:13588: g++ -E  conftest.cpp
configure:13595: $? = 0
configure:13626: g++ -E  conftest.cpp
conftest.cpp:27:10: fatal error: 'ac_nonexistent.h' file not found
#include <ac_nonexistent.h>
         ^
1 error generated.
configure:13633: $? = 1
configure: failed program was:
| /* confdefs.h.  */
| #define PACKAGE_NAME "Clustal Omega"
| #define PACKAGE_TARNAME "clustal-omega"
| #define PACKAGE_VERSION "1.2.1"
| #define PACKAGE_STRING "Clustal Omega 1.2.1"
| #define PACKAGE_BUGREPORT "clustalw@ucd.ie"
| #define PACKAGE "clustal-omega"
| #define VERSION "1.2.1"
| #define STDC_HEADERS 1
| #define HAVE_SYS_TYPES_H 1
| #define HAVE_SYS_STAT_H 1
| #define HAVE_STDLIB_H 1
| #define HAVE_STRING_H 1
| #define HAVE_MEMORY_H 1
| #define HAVE_STRINGS_H 1
| #define HAVE_INTTYPES_H 1
| #define HAVE_STDINT_H 1
| #define HAVE_UNISTD_H 1
| #define __EXTENSIONS__ 1
| #define _ALL_SOURCE 1
| #define _GNU_SOURCE 1
| #define _POSIX_PTHREAD_SEMANTICS 1
| #define _TANDEM_SOURCE 1
| #define HAVE_DLFCN_H 1
| #define LT_OBJDIR ".libs/"
| /* end confdefs.h.  */
| #include <ac_nonexistent.h>
configure:13666: result: g++ -E
configure:13695: g++ -E  conftest.cpp
configure:13702: $? = 0
configure:13733: g++ -E  conftest.cpp
conftest.cpp:27:10: fatal error: 'ac_nonexistent.h' file not found
#include <ac_nonexistent.h>
         ^
1 error generated.
configure:13740: $? = 1
configure: failed program was:
| /* confdefs.h.  */
| #define PACKAGE_NAME "Clustal Omega"
| #define PACKAGE_TARNAME "clustal-omega"
| #define PACKAGE_VERSION "1.2.1"
| #define PACKAGE_STRING "Clustal Omega 1.2.1"
| #define PACKAGE_BUGREPORT "clustalw@ucd.ie"
| #define PACKAGE "clustal-omega"
| #define VERSION "1.2.1"
| #define STDC_HEADERS 1
| #define HAVE_SYS_TYPES_H 1
| #define HAVE_SYS_STAT_H 1
| #define HAVE_STDLIB_H 1
| #define HAVE_STRING_H 1
| #define HAVE_MEMORY_H 1
| #define HAVE_STRINGS_H 1
| #define HAVE_INTTYPES_H 1
| #define HAVE_STDINT_H 1
| #define HAVE_UNISTD_H 1
| #define __EXTENSIONS__ 1
| #define _ALL_SOURCE 1
| #define _GNU_SOURCE 1
| #define _POSIX_PTHREAD_SEMANTICS 1
| #define _TANDEM_SOURCE 1
| #define HAVE_DLFCN_H 1
| #define LT_OBJDIR ".libs/"
| /* end confdefs.h.  */
| #include <ac_nonexistent.h>
configure:13916: checking for ld used by g++
configure:13983: result: /Applications/Xcode.app/Contents/Developer/Toolchains/XcodeDefault.xctoolchain/usr/bin/ld
configure:13992: checking if the linker (/Applications/Xcode.app/Contents/Developer/Toolchains/XcodeDefault.xctoolchain/usr/bin/ld) is GNU ld
configure:14007: result: no
configure:14062: checking whether the g++ linker (/Applications/Xcode.app/Contents/Developer/Toolchains/XcodeDefault.xctoolchain/usr/bin/ld) supports shared libraries
configure:15037: result: yes
configure:15065: g++ -c -g -O2  conftest.cpp >&5
configure:15068: $? = 0
configure:15250: checking for g++ option to produce PIC
configure:15567: result: -fno-common -DPIC
configure:15576: checking if g++ PIC flag -fno-common -DPIC works
configure:15594: g++ -c -g -O2  -fno-common -DPIC -DPIC conftest.cpp >&5
configure:15598: $? = 0
configure:15611: result: yes
configure:15632: checking if g++ static flag -static works
configure:15660: result: no
configure:15672: checking if g++ supports -c -o file.o
configure:15693: g++ -c -g -O2  -o out/conftest2.o conftest.cpp >&5
configure:15697: $? = 0
configure:15719: result: yes
configure:15724: checking if g++ supports -c -o file.o
configure:15771: result: yes
configure:15801: checking whether the g++ linker (/Applications/Xcode.app/Contents/Developer/Toolchains/XcodeDefault.xctoolchain/usr/bin/ld) supports shared libraries
configure:15830: result: yes
configure:15967: checking dynamic linker characteristics
configure:16610: result: darwin13.3.0 dyld
configure:16661: checking how to hardcode library paths into programs
configure:16686: result: immediate
configure:16731: checking how to run the C++ preprocessor
configure:16845: result: g++ -E
configure:16874: g++ -E  conftest.cpp
configure:16881: $? = 0
configure:16912: g++ -E  conftest.cpp
conftest.cpp:27:10: fatal error: 'ac_nonexistent.h' file not found
#include <ac_nonexistent.h>
         ^
1 error generated.
configure:16919: $? = 1
configure: failed program was:
| /* confdefs.h.  */
| #define PACKAGE_NAME "Clustal Omega"
| #define PACKAGE_TARNAME "clustal-omega"
| #define PACKAGE_VERSION "1.2.1"
| #define PACKAGE_STRING "Clustal Omega 1.2.1"
| #define PACKAGE_BUGREPORT "clustalw@ucd.ie"
| #define PACKAGE "clustal-omega"
| #define VERSION "1.2.1"
| #define STDC_HEADERS 1
| #define HAVE_SYS_TYPES_H 1
| #define HAVE_SYS_STAT_H 1
| #define HAVE_STDLIB_H 1
| #define HAVE_STRING_H 1
| #define HAVE_MEMORY_H 1
| #define HAVE_STRINGS_H 1
| #define HAVE_INTTYPES_H 1
| #define HAVE_STDINT_H 1
| #define HAVE_UNISTD_H 1
| #define __EXTENSIONS__ 1
| #define _ALL_SOURCE 1
| #define _GNU_SOURCE 1
| #define _POSIX_PTHREAD_SEMANTICS 1
| #define _TANDEM_SOURCE 1
| #define HAVE_DLFCN_H 1
| #define LT_OBJDIR ".libs/"
| /* end confdefs.h.  */
| #include <ac_nonexistent.h>
configure:17113: checking for ANSI C header files
configure:17281: result: yes
configure:17319: checking assert.h usability
configure:17336: gcc -c -g -O2  conftest.c >&5
configure:17343: $? = 0
configure:17357: result: yes
configure:17361: checking assert.h presence
configure:17376: gcc -E  conftest.c
configure:17383: $? = 0
configure:17397: result: yes
configure:17430: checking for assert.h
configure:17439: result: yes
configure:17319: checking ctype.h usability
configure:17336: gcc -c -g -O2  conftest.c >&5
configure:17343: $? = 0
configure:17357: result: yes
configure:17361: checking ctype.h presence
configure:17376: gcc -E  conftest.c
configure:17383: $? = 0
configure:17397: result: yes
configure:17430: checking for ctype.h
configure:17439: result: yes
configure:17319: checking float.h usability
configure:17336: gcc -c -g -O2  conftest.c >&5
configure:17343: $? = 0
configure:17357: result: yes
configure:17361: checking float.h presence
configure:17376: gcc -E  conftest.c
configure:17383: $? = 0
configure:17397: result: yes
configure:17430: checking for float.h
configure:17439: result: yes
configure:17319: checking limits.h usability
configure:17336: gcc -c -g -O2  conftest.c >&5
configure:17343: $? = 0
configure:17357: result: yes
configure:17361: checking limits.h presence
configure:17376: gcc -E  conftest.c
configure:17383: $? = 0
configure:17397: result: yes
configure:17430: checking for limits.h
configure:17439: result: yes
configure:17319: checking math.h usability
configure:17336: gcc -c -g -O2  conftest.c >&5
configure:17343: $? = 0
configure:17357: result: yes
configure:17361: checking math.h presence
configure:17376: gcc -E  conftest.c
configure:17383: $? = 0
configure:17397: result: yes
configure:17430: checking for math.h
configure:17439: result: yes
configure:17308: checking for memory.h
configure:17315: result: yes
configure:17319: checking stdarg.h usability
configure:17336: gcc -c -g -O2  conftest.c >&5
configure:17343: $? = 0
configure:17357: result: yes
configure:17361: checking stdarg.h presence
configure:17376: gcc -E  conftest.c
configure:17383: $? = 0
configure:17397: result: yes
configure:17430: checking for stdarg.h
configure:17439: result: yes
configure:17319: checking stdio.h usability
configure:17336: gcc -c -g -O2  conftest.c >&5
configure:17343: $? = 0
configure:17357: result: yes
configure:17361: checking stdio.h presence
configure:17376: gcc -E  conftest.c
configure:17383: $? = 0
configure:17397: result: yes
configure:17430: checking for stdio.h
configure:17439: result: yes
configure:17308: checking for stdlib.h
configure:17315: result: yes
configure:17308: checking for string.h
configure:17315: result: yes
configure:17319: checking time.h usability
configure:17336: gcc -c -g -O2  conftest.c >&5
configure:17343: $? = 0
configure:17357: result: yes
configure:17361: checking time.h presence
configure:17376: gcc -E  conftest.c
configure:17383: $? = 0
configure:17397: result: yes
configure:17430: checking for time.h
configure:17439: result: yes
configure:17308: checking for unistd.h
configure:17315: result: yes
configure:17457: checking for an ANSI C-conforming const
configure:17532: gcc -c -g -O2  conftest.c >&5
configure:17539: $? = 0
configure:17554: result: yes
configure:17564: checking for size_t
configure:17592: gcc -c -g -O2  conftest.c >&5
configure:17599: $? = 0
configure:17626: gcc -c -g -O2  conftest.c >&5
conftest.c:79:21: error: expected expression
if (sizeof ((size_t)))
                    ^
1 error generated.
configure:17633: $? = 1
configure: failed program was:
| /* confdefs.h.  */
| #define PACKAGE_NAME "Clustal Omega"
| #define PACKAGE_TARNAME "clustal-omega"
| #define PACKAGE_VERSION "1.2.1"
| #define PACKAGE_STRING "Clustal Omega 1.2.1"
| #define PACKAGE_BUGREPORT "clustalw@ucd.ie"
| #define PACKAGE "clustal-omega"
| #define VERSION "1.2.1"
| #define STDC_HEADERS 1
| #define HAVE_SYS_TYPES_H 1
| #define HAVE_SYS_STAT_H 1
| #define HAVE_STDLIB_H 1
| #define HAVE_STRING_H 1
| #define HAVE_MEMORY_H 1
| #define HAVE_STRINGS_H 1
| #define HAVE_INTTYPES_H 1
| #define HAVE_STDINT_H 1
| #define HAVE_UNISTD_H 1
| #define __EXTENSIONS__ 1
| #define _ALL_SOURCE 1
| #define _GNU_SOURCE 1
| #define _POSIX_PTHREAD_SEMANTICS 1
| #define _TANDEM_SOURCE 1
| #define HAVE_DLFCN_H 1
| #define LT_OBJDIR ".libs/"
| #define CLUSTALO 1
| #define PACKAGE_CODENAME "AndreaGiacomo"
| #define DARWIN 1
| #define STDC_HEADERS 1
| #define HAVE_ASSERT_H 1
| #define HAVE_CTYPE_H 1
| #define HAVE_FLOAT_H 1
| #define HAVE_LIMITS_H 1
| #define HAVE_MATH_H 1
| #define HAVE_MEMORY_H 1
| #define HAVE_STDARG_H 1
| #define HAVE_STDIO_H 1
| #define HAVE_STDLIB_H 1
| #define HAVE_STRING_H 1
| #define HAVE_TIME_H 1
| #define HAVE_UNISTD_H 1
| /* end confdefs.h.  */
| #include <stdio.h>
| #ifdef HAVE_SYS_TYPES_H
| # include <sys/types.h>
| #endif
| #ifdef HAVE_SYS_STAT_H
| # include <sys/stat.h>
| #endif
| #ifdef STDC_HEADERS
| # include <stdlib.h>
| # include <stddef.h>
| #else
| # ifdef HAVE_STDLIB_H
| #  include <stdlib.h>
| # endif
| #endif
| #ifdef HAVE_STRING_H
| # if !defined STDC_HEADERS && defined HAVE_MEMORY_H
| #  include <memory.h>
| # endif
| # include <string.h>
| #endif
| #ifdef HAVE_STRINGS_H
| # include <strings.h>
| #endif
| #ifdef HAVE_INTTYPES_H
| # include <inttypes.h>
| #endif
| #ifdef HAVE_STDINT_H
| # include <stdint.h>
| #endif
| #ifdef HAVE_UNISTD_H
| # include <unistd.h>
| #endif
| int
| main ()
| {
| if (sizeof ((size_t)))
| 	  return 0;
|   ;
|   return 0;
| }
configure:17656: result: yes
configure:17668: checking for inline
configure:17694: gcc -c -g -O2  conftest.c >&5
configure:17701: $? = 0
configure:17719: result: inline
configure:17746: checking for log in -lm
configure:17781: gcc -o conftest -g -O2   conftest.c -lm   >&5
conftest.c:50:6: warning: incompatible redeclaration of library function 'log' [-Wincompatible-library-redeclaration]
char log ();
     ^
conftest.c:50:6: note: 'log' is a builtin with type 'double (double)'
1 warning generated.
configure:17788: $? = 0
configure:17809: result: yes
configure:17824: checking for log2 in -lm
configure:17859: gcc -o conftest -g -O2   conftest.c -lm  -lm  >&5
conftest.c:51:6: warning: incompatible redeclaration of library function 'log2' [-Wincompatible-library-redeclaration]
char log2 ();
     ^
conftest.c:51:6: note: 'log2' is a builtin with type 'double (double)'
1 warning generated.
configure:17866: $? = 0
configure:17887: result: yes
configure:17918: checking argtable2.h usability
configure:17935: gcc -c -g -O2  conftest.c >&5
conftest.c:78:10: error: 'argtable2.h' file not found with <angled> include; use "quotes" instead
#include <argtable2.h>
         ^~~~~~~~~~~~~
         "argtable2.h"
1 error generated.
configure:17942: $? = 1
configure: failed program was:
| /* confdefs.h.  */
| #define PACKAGE_NAME "Clustal Omega"
| #define PACKAGE_TARNAME "clustal-omega"
| #define PACKAGE_VERSION "1.2.1"
| #define PACKAGE_STRING "Clustal Omega 1.2.1"
| #define PACKAGE_BUGREPORT "clustalw@ucd.ie"
| #define PACKAGE "clustal-omega"
| #define VERSION "1.2.1"
| #define STDC_HEADERS 1
| #define HAVE_SYS_TYPES_H 1
| #define HAVE_SYS_STAT_H 1
| #define HAVE_STDLIB_H 1
| #define HAVE_STRING_H 1
| #define HAVE_MEMORY_H 1
| #define HAVE_STRINGS_H 1
| #define HAVE_INTTYPES_H 1
| #define HAVE_STDINT_H 1
| #define HAVE_UNISTD_H 1
| #define __EXTENSIONS__ 1
| #define _ALL_SOURCE 1
| #define _GNU_SOURCE 1
| #define _POSIX_PTHREAD_SEMANTICS 1
| #define _TANDEM_SOURCE 1
| #define HAVE_DLFCN_H 1
| #define LT_OBJDIR ".libs/"
| #define CLUSTALO 1
| #define PACKAGE_CODENAME "AndreaGiacomo"
| #define DARWIN 1
| #define STDC_HEADERS 1
| #define HAVE_ASSERT_H 1
| #define HAVE_CTYPE_H 1
| #define HAVE_FLOAT_H 1
| #define HAVE_LIMITS_H 1
| #define HAVE_MATH_H 1
| #define HAVE_MEMORY_H 1
| #define HAVE_STDARG_H 1
| #define HAVE_STDIO_H 1
| #define HAVE_STDLIB_H 1
| #define HAVE_STRING_H 1
| #define HAVE_TIME_H 1
| #define HAVE_UNISTD_H 1
| #define HAVE_LIBM 1
| #define HAVE_LOG2 1
| /* end confdefs.h.  */
| #include <stdio.h>
| #ifdef HAVE_SYS_TYPES_H
| # include <sys/types.h>
| #endif
| #ifdef HAVE_SYS_STAT_H
| # include <sys/stat.h>
| #endif
| #ifdef STDC_HEADERS
| # include <stdlib.h>
| # include <stddef.h>
| #else
| # ifdef HAVE_STDLIB_H
| #  include <stdlib.h>
| # endif
| #endif
| #ifdef HAVE_STRING_H
| # if !defined STDC_HEADERS && defined HAVE_MEMORY_H
| #  include <memory.h>
| # endif
| # include <string.h>
| #endif
| #ifdef HAVE_STRINGS_H
| # include <strings.h>
| #endif
| #ifdef HAVE_INTTYPES_H
| # include <inttypes.h>
| #endif
| #ifdef HAVE_STDINT_H
| # include <stdint.h>
| #endif
| #ifdef HAVE_UNISTD_H
| # include <unistd.h>
| #endif
| #include <argtable2.h>
configure:17956: result: no
configure:17960: checking argtable2.h presence
configure:17975: gcc -E  conftest.c
conftest.c:45:10: error: 'argtable2.h' file not found with <angled> include; use "quotes" instead
#include <argtable2.h>
         ^~~~~~~~~~~~~
         "argtable2.h"
1 error generated.
configure:17982: $? = 1
configure: failed program was:
| /* confdefs.h.  */
| #define PACKAGE_NAME "Clustal Omega"
| #define PACKAGE_TARNAME "clustal-omega"
| #define PACKAGE_VERSION "1.2.1"
| #define PACKAGE_STRING "Clustal Omega 1.2.1"
| #define PACKAGE_BUGREPORT "clustalw@ucd.ie"
| #define PACKAGE "clustal-omega"
| #define VERSION "1.2.1"
| #define STDC_HEADERS 1
| #define HAVE_SYS_TYPES_H 1
| #define HAVE_SYS_STAT_H 1
| #define HAVE_STDLIB_H 1
| #define HAVE_STRING_H 1
| #define HAVE_MEMORY_H 1
| #define HAVE_STRINGS_H 1
| #define HAVE_INTTYPES_H 1
| #define HAVE_STDINT_H 1
| #define HAVE_UNISTD_H 1
| #define __EXTENSIONS__ 1
| #define _ALL_SOURCE 1
| #define _GNU_SOURCE 1
| #define _POSIX_PTHREAD_SEMANTICS 1
| #define _TANDEM_SOURCE 1
| #define HAVE_DLFCN_H 1
| #define LT_OBJDIR ".libs/"
| #define CLUSTALO 1
| #define PACKAGE_CODENAME "AndreaGiacomo"
| #define DARWIN 1
| #define STDC_HEADERS 1
| #define HAVE_ASSERT_H 1
| #define HAVE_CTYPE_H 1
| #define HAVE_FLOAT_H 1
| #define HAVE_LIMITS_H 1
| #define HAVE_MATH_H 1
| #define HAVE_MEMORY_H 1
| #define HAVE_STDARG_H 1
| #define HAVE_STDIO_H 1
| #define HAVE_STDLIB_H 1
| #define HAVE_STRING_H 1
| #define HAVE_TIME_H 1
| #define HAVE_UNISTD_H 1
| #define HAVE_LIBM 1
| #define HAVE_LOG2 1
| /* end confdefs.h.  */
| #include <argtable2.h>
configure:17996: result: no
configure:18029: checking for argtable2.h
configure:18038: result: no
configure:18050: error: Could not find argtable2.h. Try $ ./configure CFLAGS='-Iyour-argtable2-include-path

## ---------------- ##
## Cache variables. ##
## ---------------- ##

ac_cv_build=i386-apple-darwin13.3.0
ac_cv_c_compiler_gnu=yes
ac_cv_c_const=yes
ac_cv_c_inline=inline
ac_cv_cxx_compiler_gnu=yes
ac_cv_env_CCC_set=
ac_cv_env_CCC_value=
ac_cv_env_CC_set=
ac_cv_env_CC_value=
ac_cv_env_CFLAGS_set=
ac_cv_env_CFLAGS_value=
ac_cv_env_CPPFLAGS_set=
ac_cv_env_CPPFLAGS_value=
ac_cv_env_CPP_set=
ac_cv_env_CPP_value=
ac_cv_env_CXXCPP_set=
ac_cv_env_CXXCPP_value=
ac_cv_env_CXXFLAGS_set=
ac_cv_env_CXXFLAGS_value=
ac_cv_env_CXX_set=
ac_cv_env_CXX_value=
ac_cv_env_LDFLAGS_set=
ac_cv_env_LDFLAGS_value=
ac_cv_env_LIBS_set=
ac_cv_env_LIBS_value=
ac_cv_env_build_alias_set=
ac_cv_env_build_alias_value=
ac_cv_env_host_alias_set=
ac_cv_env_host_alias_value=
ac_cv_env_target_alias_set=
ac_cv_env_target_alias_value=
ac_cv_header_argtable2_h=no
ac_cv_header_assert_h=yes
ac_cv_header_ctype_h=yes
ac_cv_header_dlfcn_h=yes
ac_cv_header_float_h=yes
ac_cv_header_inttypes_h=yes
ac_cv_header_limits_h=yes
ac_cv_header_math_h=yes
ac_cv_header_memory_h=yes
ac_cv_header_minix_config_h=no
ac_cv_header_stdarg_h=yes
ac_cv_header_stdc=yes
ac_cv_header_stdint_h=yes
ac_cv_header_stdio_h=yes
ac_cv_header_stdlib_h=yes
ac_cv_header_string_h=yes
ac_cv_header_strings_h=yes
ac_cv_header_sys_stat_h=yes
ac_cv_header_sys_types_h=yes
ac_cv_header_time_h=yes
ac_cv_header_unistd_h=yes
ac_cv_host=i386-apple-darwin13.3.0
ac_cv_lib_m_log2=yes
ac_cv_lib_m_log=yes
ac_cv_objext=o
ac_cv_path_EGREP='/usr/bin/grep -E'
ac_cv_path_FGREP='/usr/bin/grep -F'
ac_cv_path_GREP=/usr/bin/grep
ac_cv_path_SED=/usr/bin/sed
ac_cv_path_install='/usr/bin/install -c'
ac_cv_prog_AWK=awk
ac_cv_prog_CPP='gcc -E'
ac_cv_prog_CXXCPP='g++ -E'
ac_cv_prog_ac_ct_AR=ar
ac_cv_prog_ac_ct_CC=gcc
ac_cv_prog_ac_ct_CXX=g++
ac_cv_prog_ac_ct_DSYMUTIL=dsymutil
ac_cv_prog_ac_ct_LIPO=lipo
ac_cv_prog_ac_ct_NMEDIT=nmedit
ac_cv_prog_ac_ct_OTOOL=otool
ac_cv_prog_ac_ct_RANLIB=ranlib
ac_cv_prog_ac_ct_STRIP=strip
ac_cv_prog_cc_c89=
ac_cv_prog_cc_g=yes
ac_cv_prog_cxx_g=yes
ac_cv_prog_make_make_set=yes
ac_cv_safe_to_define___extensions__=yes
ac_cv_type_size_t=yes
am_cv_CC_dependencies_compiler_type=gcc3
am_cv_CXX_dependencies_compiler_type=gcc3
lt_cv_apple_cc_single_mod=yes
lt_cv_deplibs_check_method=pass_all
lt_cv_file_magic_cmd='$MAGIC_CMD'
lt_cv_file_magic_test_file=
lt_cv_ld_exported_symbols_list=yes
lt_cv_ld_reload_flag=-r
lt_cv_nm_interface='BSD nm'
lt_cv_objdir=.libs
lt_cv_path_LD=/Applications/Xcode.app/Contents/Developer/Toolchains/XcodeDefault.xctoolchain/usr/bin/ld
lt_cv_path_LDCXX=/Applications/Xcode.app/Contents/Developer/Toolchains/XcodeDefault.xctoolchain/usr/bin/ld
lt_cv_path_NM=/usr/bin/nm
lt_cv_prog_compiler_c_o=yes
lt_cv_prog_compiler_c_o_CXX=yes
lt_cv_prog_compiler_pic_works=yes
lt_cv_prog_compiler_pic_works_CXX=yes
lt_cv_prog_compiler_rtti_exceptions=yes
lt_cv_prog_compiler_static_works=no
lt_cv_prog_compiler_static_works_CXX=no
lt_cv_prog_gnu_ld=no
lt_cv_prog_gnu_ldcxx=no
lt_cv_sys_global_symbol_pipe='sed -n -e '\''s/^.*[	 ]\([BCDEGRST][BCDEGRST]*\)[	 ][	 ]*_\([_A-Za-z][_A-Za-z0-9]*\)$/\1 _\2 \2/p'\'''
lt_cv_sys_global_symbol_to_c_name_address='sed -n -e '\''s/^: \([^ ]*\) $/  {\"\1\", (void *) 0},/p'\'' -e '\''s/^[BCDEGRST]* \([^ ]*\) \([^ ]*\)$/  {"\2", (void *) \&\2},/p'\'''
lt_cv_sys_global_symbol_to_c_name_address_lib_prefix='sed -n -e '\''s/^: \([^ ]*\) $/  {\"\1\", (void *) 0},/p'\'' -e '\''s/^[BCDEGRST]* \([^ ]*\) \(lib[^ ]*\)$/  {"\2", (void *) \&\2},/p'\'' -e '\''s/^[BCDEGRST]* \([^ ]*\) \([^ ]*\)$/  {"lib\2", (void *) \&\2},/p'\'''
lt_cv_sys_global_symbol_to_cdecl='sed -n -e '\''s/^T .* \(.*\)$/extern int \1();/p'\'' -e '\''s/^[BCDEGRST]* .* \(.*\)$/extern char \1;/p'\'''
lt_cv_sys_max_cmd_len=196608

## ----------------- ##
## Output variables. ##
## ----------------- ##

ACLOCAL='${SHELL} /Applications/ClustalOmega/missing --run aclocal-1.10'
AMDEPBACKSLASH='\'
AMDEP_FALSE='#'
AMDEP_TRUE=''
AMTAR='${SHELL} /Applications/ClustalOmega/missing --run tar'
AM_CFLAGS=''
AM_CXXFLAGS=''
AM_LDFLAGS=''
AR='ar'
AUTOCONF='${SHELL} /Applications/ClustalOmega/missing --run autoconf'
AUTOHEADER='${SHELL} /Applications/ClustalOmega/missing --run autoheader'
AUTOMAKE='${SHELL} /Applications/ClustalOmega/missing --run automake-1.10'
AWK='awk'
CC='gcc'
CCDEPMODE='depmode=gcc3'
CFLAGS='-g -O2'
CPP='gcc -E'
CPPFLAGS=''
CXX='g++'
CXXCPP='g++ -E'
CXXDEPMODE='depmode=gcc3'
CXXFLAGS='-g -O2'
CYGPATH_W='echo'
DEFS=''
DEPDIR='.deps'
DSYMUTIL='dsymutil'
DUMPBIN=''
ECHO_C='\c'
ECHO_N=''
ECHO_T=''
EGREP='/usr/bin/grep -E'
EXEEXT=''
FGREP='/usr/bin/grep -F'
GREP='/usr/bin/grep'
INSTALL_DATA='${INSTALL} -m 644'
INSTALL_PROGRAM='${INSTALL}'
INSTALL_SCRIPT='${INSTALL}'
INSTALL_STRIP_PROGRAM='$(install_sh) -c -s'
LD='/Applications/Xcode.app/Contents/Developer/Toolchains/XcodeDefault.xctoolchain/usr/bin/ld'
LDFLAGS=''
LIBOBJS=''
LIBS='-lm '
LIBTOOL='$(SHELL) $(top_builddir)/libtool'
LIPO='lipo'
LN_S='ln -s'
LTLIBOBJS=''
MAKEINFO='${SHELL} /Applications/ClustalOmega/missing --run makeinfo'
MKDIR_P='./install-sh -c -d'
NM='/usr/bin/nm'
NMEDIT='nmedit'
OBJDUMP='false'
OBJEXT='o'
OPENMP_CFLAGS=''
OPENMP_CXXFLAGS=''
OTOOL64=':'
OTOOL='otool'
PACKAGE='clustal-omega'
PACKAGE_BUGREPORT='clustalw@ucd.ie'
PACKAGE_CODENAME='AndreaGiacomo'
PACKAGE_NAME='Clustal Omega'
PACKAGE_STRING='Clustal Omega 1.2.1'
PACKAGE_TARNAME='clustal-omega'
PACKAGE_VERSION='1.2.1'
PATH_SEPARATOR=':'
RANLIB='ranlib'
SED='/usr/bin/sed'
SET_MAKE=''
SHELL='/bin/sh'
STRIP='strip'
VERSION='1.2.1'
ac_ct_CC='gcc'
ac_ct_CXX='g++'
ac_ct_DUMPBIN=''
am__fastdepCC_FALSE='#'
am__fastdepCC_TRUE=''
am__fastdepCXX_FALSE='#'
am__fastdepCXX_TRUE=''
am__include='include'
am__isrc=''
am__leading_dot='.'
am__quote=''
am__tar='${AMTAR} chof - "$$tardir"'
am__untar='${AMTAR} xf -'
bindir='${exec_prefix}/bin'
build='i386-apple-darwin13.3.0'
build_alias=''
build_cpu='i386'
build_os='darwin13.3.0'
build_vendor='apple'
datadir='${datarootdir}'
datarootdir='${prefix}/share'
docdir='${datarootdir}/doc/${PACKAGE_TARNAME}'
dvidir='${docdir}'
exec_prefix='NONE'
host='i386-apple-darwin13.3.0'
host_alias=''
host_cpu='i386'
host_os='darwin13.3.0'
host_vendor='apple'
htmldir='${docdir}'
includedir='${prefix}/include'
infodir='${datarootdir}/info'
install_sh='$(SHELL) /Applications/ClustalOmega/install-sh'
libdir='${exec_prefix}/lib'
libexecdir='${exec_prefix}/libexec'
localedir='${datarootdir}/locale'
localstatedir='${prefix}/var'
lt_ECHO='/bin/echo'
mandir='${datarootdir}/man'
mkdir_p='$(top_builddir)/./install-sh -c -d'
oldincludedir='/usr/include'
pdfdir='${docdir}'
prefix='NONE'
program_transform_name='s,x,x,'
psdir='${docdir}'
sbindir='${exec_prefix}/sbin'
sharedstatedir='${prefix}/com'
sysconfdir='${prefix}/etc'
target_alias=''

## ----------- ##
## confdefs.h. ##
## ----------- ##

#define PACKAGE_NAME "Clustal Omega"
#define PACKAGE_TARNAME "clustal-omega"
#define PACKAGE_VERSION "1.2.1"
#define PACKAGE_STRING "Clustal Omega 1.2.1"
#define PACKAGE_BUGREPORT "clustalw@ucd.ie"
#define PACKAGE "clustal-omega"
#define VERSION "1.2.1"
#define STDC_HEADERS 1
#define HAVE_SYS_TYPES_H 1
#define HAVE_SYS_STAT_H 1
#define HAVE_STDLIB_H 1
#define HAVE_STRING_H 1
#define HAVE_MEMORY_H 1
#define HAVE_STRINGS_H 1
#define HAVE_INTTYPES_H 1
#define HAVE_STDINT_H 1
#define HAVE_UNISTD_H 1
#define __EXTENSIONS__ 1
#define _ALL_SOURCE 1
#define _GNU_SOURCE 1
#define _POSIX_PTHREAD_SEMANTICS 1
#define _TANDEM_SOURCE 1
#define HAVE_DLFCN_H 1
#define LT_OBJDIR ".libs/"
#define CLUSTALO 1
#define PACKAGE_CODENAME "AndreaGiacomo"
#define DARWIN 1
#define STDC_HEADERS 1
#define HAVE_ASSERT_H 1
#define HAVE_CTYPE_H 1
#define HAVE_FLOAT_H 1
#define HAVE_LIMITS_H 1
#define HAVE_MATH_H 1
#define HAVE_MEMORY_H 1
#define HAVE_STDARG_H 1
#define HAVE_STDIO_H 1
#define HAVE_STDLIB_H 1
#define HAVE_STRING_H 1
#define HAVE_TIME_H 1
#define HAVE_UNISTD_H 1
#define HAVE_LIBM 1
#define HAVE_LOG2 1

configure: exit 1
